2020-09-07 10:39:20 INFO  ScreenshotListener:22 - ****************************************************************************************
2020-09-07 10:39:20 INFO  ScreenshotListener:23 -                                 Regression       
2020-09-07 10:39:20 INFO  ScreenshotListener:24 - ----------------------------------------------------------------------------------------
2020-09-07 10:39:26 INFO  LoginPage:306 - Waiting for element to be present in DOM 0 seconds element:: By.xpath: //div[@class="login-block"]/descendant::a[@id="registerPopupLink"]
2020-09-07 10:39:27 INFO  LoginPage:76 - successfully clicked on element By.xpath: //div[@class="login-block"]/descendant::a[@id="registerPopupLink"]
2020-09-07 10:39:27 INFO  LoginPage:143 - Waiting for element to be visible !!! 0 seconds :: By.id: regPopUp
2020-09-07 10:39:29 INFO  LoginPage:76 - successfully clicked on element By.xpath: //a[contains(@class,"existing")]
2020-09-07 10:39:29 INFO  LoginPage:139 - waiting for element to be visible!!! 0seconds
2020-09-07 10:39:30 INFO  LoginPage:76 - successfully clicked on element By.xpath: //input[@name="user[new]"]
2020-09-07 10:39:30 INFO  LoginPage:239 - succesfully sent the keys:: "tanugulia09@gmail.com" to the input box of element:: By.xpath: //input[@name="user[new]"]
2020-09-07 10:39:30 INFO  LoginPage:76 - successfully clicked on element By.xpath: //input[@name="password"]
2020-09-07 10:39:31 INFO  LoginPage:239 - succesfully sent the keys:: "Pepperfry@09" to the input box of element:: By.xpath: //input[@name="password"]
2020-09-07 10:39:31 INFO  LoginPage:76 - successfully clicked on element By.xpath: //input[@name="usernameLogin"]
2020-09-07 10:39:31 INFO  LoginPage:190 - Waiting for element to be Invisible !!! 0 seconds By.id: loginPopUp
2020-09-07 10:39:32 INFO  LoginPage:190 - Waiting for element to be Invisible !!! 1 seconds By.id: loginPopUp
2020-09-07 10:39:34 INFO  LoginPage:40 - Logged in successfully
2020-09-07 10:39:34 INFO  ScreenshotListener:31 - 

<< --- TestCase START --->> validateWishListItemFunctionality

2020-09-07 10:39:34 INFO  HomePage:138 - mouse hovered over category: Bedroom
2020-09-07 10:39:34 INFO  HomePage:139 - waiting for element to be visible!!! 0seconds
2020-09-07 10:39:36 INFO  HomePage:76 - successfully clicked on element By.xpath: //div[contains(@id,"bedroom")]/descendant::a[text()[contains(.,"Queen Size Beds")]]
2020-09-07 10:39:36 INFO  HomePage:143 - Clicked on sub category: Queen Size Beds under category: Bedroom
2020-09-07 10:39:38 INFO  HomePage:76 - successfully clicked on element By.xpath: //a[contains(@class,"icon-heart")]
2020-09-07 10:39:38 INFO  HomePage:30 - Clicked on wishlist icon
2020-09-07 10:39:40 INFO  HomePage:88 - successfully clicked on element [[ChromeDriver: chrome on MAC (f4f151517d684af39a535c8c84665935)] -> xpath: //a[contains(@class,"deleteicon")]]
2020-09-07 10:39:40 INFO  HomePage:51 - Clicked on remove item link
2020-09-07 10:39:42 INFO  HomePage:61 - no items wishlisted
2020-09-07 10:39:42 INFO  HomePage:76 - successfully clicked on element By.xpath: //div[contains(@class,"mini_cart")]/descendant::a[contains(@class,"pf-icon-close")]
2020-09-07 10:39:42 INFO  HomePage:121 - Clicked on wishlist or cart close icon
2020-09-07 10:39:43 INFO  HomePage:88 - successfully clicked on element [[ChromeDriver: chrome on MAC (f4f151517d684af39a535c8c84665935)] -> xpath: //div[contains(@class,"clip-prd")]]
2020-09-07 10:39:43 INFO  HomePage:186 - itemText Kimi Queen Size Bed With Storage In Regato Walnut Colour
2020-09-07 10:39:44 INFO  HomePage:76 - successfully clicked on element By.xpath: //a[contains(@class,"icon-heart")]
2020-09-07 10:39:44 INFO  HomePage:30 - Clicked on wishlist icon
2020-09-07 10:39:45 INFO  HomePage:200 - wishListItemTitle Kimi Queen Size Bed With Storage In Regato Walnut Colour...
2020-09-07 10:39:45 INFO  HomePage:203 - Wishlisted item with title: Kimi Queen Size Bed With Storage In Regato Walnut Colour found in the wishlist box
2020-09-07 10:39:45 INFO  Home_Regression:47 - Successfully validated wishlist item functionality
2020-09-07 10:39:46 INFO  HomePage:76 - successfully clicked on element By.xpath: //div[contains(@class,"mini_cart")]/descendant::a[contains(@class,"pf-icon-close")]
2020-09-07 10:39:46 INFO  HomePage:121 - Clicked on wishlist or cart close icon
2020-09-07 10:39:46 INFO  ScreenshotListener:40 - 

 TestCase: validateWishListItemFunctionality: --->>> PASS 

2020-09-07 10:39:46 INFO  ScreenshotListener:31 - 

<< --- TestCase START --->> validateCartFunctionality

2020-09-07 10:39:46 INFO  HomePage:123 - Wishlist or cart box is already closed
2020-09-07 10:39:46 INFO  HomePage:138 - mouse hovered over category: Bedroom
2020-09-07 10:39:46 INFO  HomePage:139 - waiting for element to be visible!!! 0seconds
2020-09-07 10:39:48 INFO  HomePage:76 - successfully clicked on element By.xpath: //div[contains(@id,"bedroom")]/descendant::a[text()[contains(.,"Queen Size Beds")]]
2020-09-07 10:39:48 INFO  HomePage:143 - Clicked on sub category: Queen Size Beds under category: Bedroom
2020-09-07 10:39:51 INFO  HomePage:76 - successfully clicked on element By.xpath: //div[contains(@class,"cart_bar")]
2020-09-07 10:39:51 INFO  HomePage:76 - Clicked on cart icon
2020-09-07 10:39:52 INFO  HomePage:88 - successfully clicked on element [[ChromeDriver: chrome on MAC (f4f151517d684af39a535c8c84665935)] -> xpath: //a[contains(@class,"deleteicon")]]
2020-09-07 10:39:52 INFO  HomePage:96 - Clicked on remove item link
2020-09-07 10:39:53 INFO  HomePage:106 - no items are present in the cart
2020-09-07 10:39:53 INFO  HomePage:76 - successfully clicked on element By.xpath: //div[contains(@class,"mini_cart")]/descendant::a[contains(@class,"pf-icon-close")]
2020-09-07 10:39:53 INFO  HomePage:121 - Clicked on wishlist or cart close icon
2020-09-07 10:39:53 INFO  HomePage:230 - itemText Kimi Queen Size Bed With Storage In Regato Walnut Colour
2020-09-07 10:39:54 INFO  HomePage:88 - successfully clicked on element [[ChromeDriver: chrome on MAC (f4f151517d684af39a535c8c84665935)] -> xpath: //div[contains(@class,"clip-add-to-cart")]]
2020-09-07 10:39:54 INFO  HomePage:139 - waiting for element to be visible!!! 0seconds
2020-09-07 10:39:56 INFO  HomePage:245 - cart item text Kimi Queen Size Bed With Storage In Regato Walnut Colour By Mintwud
2020-09-07 10:39:56 INFO  HomePage:248 - Item present in cart with with title: Kimi Queen Size Bed With Storage In Regato Walnut Colour
2020-09-07 10:39:56 INFO  Home_Regression:77 - Successfully validated cart functionality
2020-09-07 10:39:56 INFO  HomePage:76 - successfully clicked on element By.xpath: //div[contains(@class,"mini_cart")]/descendant::a[contains(@class,"pf-icon-close")]
2020-09-07 10:39:56 INFO  HomePage:121 - Clicked on wishlist or cart close icon
2020-09-07 10:39:56 INFO  ScreenshotListener:40 - 

 TestCase: validateCartFunctionality: --->>> PASS 

2020-09-07 10:39:56 INFO  ScreenshotListener:31 - 

<< --- TestCase START --->> validateLogoutFunctionality

2020-09-07 10:39:59 INFO  LogoutPage:76 - successfully clicked on element By.xpath: //div[contains(@class,"loggedin")]/descendant::a[text()[contains(.,"Logout")]]
2020-09-07 10:40:01 INFO  LogoutPage:29 - Logged out successfully
2020-09-07 10:40:01 INFO  Home_Regression:96 - Logout functionality is validated successfully
2020-09-07 10:40:01 INFO  ScreenshotListener:40 - 

 TestCase: validateLogoutFunctionality: --->>> PASS 

2020-09-07 10:40:07 INFO  ScreenshotListener:64 - ----------------------------------------------------------------------------------------

2020-09-07 10:40:07 INFO  ScreenshotListener:65 - ****************************************************************************************

2022-01-18 12:22:20 INFO  ScreenshotListener:22 - ****************************************************************************************
2022-01-18 12:22:20 INFO  ScreenshotListener:23 -                                 Regression       
2022-01-18 12:22:20 INFO  ScreenshotListener:24 - ----------------------------------------------------------------------------------------
2022-01-18 12:22:21 ERROR Home_Regression:162 - unknown error: cannot find Chrome binary
Build info: version: '3.141.59', revision: 'e82be7d358', time: '2018-11-14T08:17:03'
System info: host: 'LAPTOP-8AKPLH10', ip: '192.168.0.167', os.name: 'Windows 10', os.arch: 'amd64', os.version: '10.0', java.version: '16.0.2'
Driver info: driver.version: ChromeDriver
remote stacktrace: Backtrace:
	Ordinal0 [0x00E49563+2725219]
	Ordinal0 [0x00D48551+1672529]
	Ordinal0 [0x00C30359+525145]
	Ordinal0 [0x00BBCA64+51812]
	Ordinal0 [0x00BDCC37+183351]
	Ordinal0 [0x00BDCA3D+182845]
	Ordinal0 [0x00BDA94B+174411]
	Ordinal0 [0x00BC2528+75048]
	Ordinal0 [0x00BC35A0+79264]
	Ordinal0 [0x00BC3539+79161]
	Ordinal0 [0x00D5D607+1758727]
	GetHandleVerifier [0x00F66546+1050150]
	GetHandleVerifier [0x00F66291+1049457]
	GetHandleVerifier [0x00F710D7+1094071]
	GetHandleVerifier [0x00F66B46+1051686]
	Ordinal0 [0x00D55B06+1727238]
	Ordinal0 [0x00D5EB7B+1764219]
	Ordinal0 [0x00D5ECE3+1764579]
	Ordinal0 [0x00D74C05+1854469]
	BaseThreadInitThunk [0x75516739+25]
	RtlGetFullPathName_UEx [0x77248AFF+1215]
	RtlGetFullPathName_UEx [0x77248ACD+1165]

2022-01-18 12:22:21 INFO  ScreenshotListener:64 - ----------------------------------------------------------------------------------------

2022-01-18 12:22:21 INFO  ScreenshotListener:65 - ****************************************************************************************

2022-01-18 12:22:46 INFO  ScreenshotListener:22 - ****************************************************************************************
2022-01-18 12:22:46 INFO  ScreenshotListener:23 -                                 Regression       
2022-01-18 12:22:46 INFO  ScreenshotListener:24 - ----------------------------------------------------------------------------------------
2022-01-18 12:22:47 ERROR Home_Regression:162 - unknown error: cannot find Chrome binary
Build info: version: '3.141.59', revision: 'e82be7d358', time: '2018-11-14T08:17:03'
System info: host: 'LAPTOP-8AKPLH10', ip: '192.168.0.167', os.name: 'Windows 10', os.arch: 'amd64', os.version: '10.0', java.version: '16.0.2'
Driver info: driver.version: ChromeDriver
remote stacktrace: Backtrace:
	Ordinal0 [0x00E49563+2725219]
	Ordinal0 [0x00D48551+1672529]
	Ordinal0 [0x00C30359+525145]
	Ordinal0 [0x00BBCA64+51812]
	Ordinal0 [0x00BDCC37+183351]
	Ordinal0 [0x00BDCA3D+182845]
	Ordinal0 [0x00BDA94B+174411]
	Ordinal0 [0x00BC2528+75048]
	Ordinal0 [0x00BC35A0+79264]
	Ordinal0 [0x00BC3539+79161]
	Ordinal0 [0x00D5D607+1758727]
	GetHandleVerifier [0x00F66546+1050150]
	GetHandleVerifier [0x00F66291+1049457]
	GetHandleVerifier [0x00F710D7+1094071]
	GetHandleVerifier [0x00F66B46+1051686]
	Ordinal0 [0x00D55B06+1727238]
	Ordinal0 [0x00D5EB7B+1764219]
	Ordinal0 [0x00D5ECE3+1764579]
	Ordinal0 [0x00D74C05+1854469]
	BaseThreadInitThunk [0x75516739+25]
	RtlGetFullPathName_UEx [0x77248AFF+1215]
	RtlGetFullPathName_UEx [0x77248ACD+1165]

2022-01-18 12:22:47 INFO  ScreenshotListener:64 - ----------------------------------------------------------------------------------------

2022-01-18 12:22:47 INFO  ScreenshotListener:65 - ****************************************************************************************

2022-01-18 12:23:19 INFO  ScreenshotListener:22 - ****************************************************************************************
2022-01-18 12:23:19 INFO  ScreenshotListener:23 -                                 Regression       
2022-01-18 12:23:19 INFO  ScreenshotListener:24 - ----------------------------------------------------------------------------------------
2022-01-18 12:23:19 ERROR Home_Regression:162 - unknown error: cannot find Chrome binary
Build info: version: '3.141.59', revision: 'e82be7d358', time: '2018-11-14T08:17:03'
System info: host: 'LAPTOP-8AKPLH10', ip: '192.168.0.167', os.name: 'Windows 10', os.arch: 'amd64', os.version: '10.0', java.version: '16.0.2'
Driver info: driver.version: ChromeDriver
remote stacktrace: Backtrace:
	Ordinal0 [0x00E49563+2725219]
	Ordinal0 [0x00D48551+1672529]
	Ordinal0 [0x00C30359+525145]
	Ordinal0 [0x00BBCA64+51812]
	Ordinal0 [0x00BDCC37+183351]
	Ordinal0 [0x00BDCA3D+182845]
	Ordinal0 [0x00BDA94B+174411]
	Ordinal0 [0x00BC2528+75048]
	Ordinal0 [0x00BC35A0+79264]
	Ordinal0 [0x00BC3539+79161]
	Ordinal0 [0x00D5D607+1758727]
	GetHandleVerifier [0x00F66546+1050150]
	GetHandleVerifier [0x00F66291+1049457]
	GetHandleVerifier [0x00F710D7+1094071]
	GetHandleVerifier [0x00F66B46+1051686]
	Ordinal0 [0x00D55B06+1727238]
	Ordinal0 [0x00D5EB7B+1764219]
	Ordinal0 [0x00D5ECE3+1764579]
	Ordinal0 [0x00D74C05+1854469]
	BaseThreadInitThunk [0x75516739+25]
	RtlGetFullPathName_UEx [0x77248AFF+1215]
	RtlGetFullPathName_UEx [0x77248ACD+1165]

2022-01-18 12:23:19 INFO  ScreenshotListener:64 - ----------------------------------------------------------------------------------------

2022-01-18 12:23:19 INFO  ScreenshotListener:65 - ****************************************************************************************

2022-01-18 12:32:36 INFO  ScreenshotListener:22 - ****************************************************************************************
2022-01-18 12:32:36 INFO  ScreenshotListener:23 -                                 Regression       
2022-01-18 12:32:36 INFO  ScreenshotListener:24 - ----------------------------------------------------------------------------------------
2022-01-18 12:32:42 INFO  LoginPage:306 - Waiting for element to be present in DOM 0 seconds element:: By.xpath: //div[@class="login-block"]/descendant::a[@id="registerPopupLink"]
2022-01-18 12:32:43 INFO  LoginPage:306 - Waiting for element to be present in DOM 1 seconds element:: By.xpath: //div[@class="login-block"]/descendant::a[@id="registerPopupLink"]
2022-01-18 12:32:44 INFO  LoginPage:306 - Waiting for element to be present in DOM 2 seconds element:: By.xpath: //div[@class="login-block"]/descendant::a[@id="registerPopupLink"]
2022-01-18 12:32:45 INFO  LoginPage:306 - Waiting for element to be present in DOM 3 seconds element:: By.xpath: //div[@class="login-block"]/descendant::a[@id="registerPopupLink"]
2022-01-18 12:32:46 INFO  LoginPage:306 - Waiting for element to be present in DOM 4 seconds element:: By.xpath: //div[@class="login-block"]/descendant::a[@id="registerPopupLink"]
2022-01-18 12:32:47 INFO  LoginPage:306 - Waiting for element to be present in DOM 5 seconds element:: By.xpath: //div[@class="login-block"]/descendant::a[@id="registerPopupLink"]
2022-01-18 12:32:48 INFO  LoginPage:306 - Waiting for element to be present in DOM 6 seconds element:: By.xpath: //div[@class="login-block"]/descendant::a[@id="registerPopupLink"]
2022-01-18 12:32:49 INFO  LoginPage:306 - Waiting for element to be present in DOM 7 seconds element:: By.xpath: //div[@class="login-block"]/descendant::a[@id="registerPopupLink"]
2022-01-18 12:32:50 INFO  LoginPage:306 - Waiting for element to be present in DOM 8 seconds element:: By.xpath: //div[@class="login-block"]/descendant::a[@id="registerPopupLink"]
2022-01-18 12:32:51 INFO  LoginPage:306 - Waiting for element to be present in DOM 9 seconds element:: By.xpath: //div[@class="login-block"]/descendant::a[@id="registerPopupLink"]
2022-01-18 12:32:52 INFO  LoginPage:306 - Waiting for element to be present in DOM 10 seconds element:: By.xpath: //div[@class="login-block"]/descendant::a[@id="registerPopupLink"]
2022-01-18 12:32:53 INFO  LoginPage:306 - Waiting for element to be present in DOM 11 seconds element:: By.xpath: //div[@class="login-block"]/descendant::a[@id="registerPopupLink"]
2022-01-18 12:32:54 INFO  LoginPage:306 - Waiting for element to be present in DOM 12 seconds element:: By.xpath: //div[@class="login-block"]/descendant::a[@id="registerPopupLink"]
2022-01-18 12:32:55 INFO  LoginPage:306 - Waiting for element to be present in DOM 13 seconds element:: By.xpath: //div[@class="login-block"]/descendant::a[@id="registerPopupLink"]
2022-01-18 12:32:56 INFO  LoginPage:306 - Waiting for element to be present in DOM 14 seconds element:: By.xpath: //div[@class="login-block"]/descendant::a[@id="registerPopupLink"]
2022-01-18 12:32:57 INFO  LoginPage:306 - Waiting for element to be present in DOM 15 seconds element:: By.xpath: //div[@class="login-block"]/descendant::a[@id="registerPopupLink"]
2022-01-18 12:32:58 INFO  LoginPage:306 - Waiting for element to be present in DOM 16 seconds element:: By.xpath: //div[@class="login-block"]/descendant::a[@id="registerPopupLink"]
2022-01-18 12:32:59 INFO  LoginPage:306 - Waiting for element to be present in DOM 17 seconds element:: By.xpath: //div[@class="login-block"]/descendant::a[@id="registerPopupLink"]
2022-01-18 12:33:00 INFO  LoginPage:306 - Waiting for element to be present in DOM 18 seconds element:: By.xpath: //div[@class="login-block"]/descendant::a[@id="registerPopupLink"]
2022-01-18 12:33:10 INFO  ScreenshotListener:22 - ****************************************************************************************
2022-01-18 12:33:10 INFO  ScreenshotListener:23 -                                 Regression       
2022-01-18 12:33:10 INFO  ScreenshotListener:24 - ----------------------------------------------------------------------------------------
2022-01-18 12:33:15 INFO  LoginPage:306 - Waiting for element to be present in DOM 0 seconds element:: By.xpath: //div[@class="login-block"]/descendant::a[@id="registerPopupLink"]
2022-01-18 12:33:16 INFO  LoginPage:306 - Waiting for element to be present in DOM 1 seconds element:: By.xpath: //div[@class="login-block"]/descendant::a[@id="registerPopupLink"]
2022-01-18 12:33:17 INFO  LoginPage:306 - Waiting for element to be present in DOM 2 seconds element:: By.xpath: //div[@class="login-block"]/descendant::a[@id="registerPopupLink"]
2022-01-18 12:33:18 INFO  LoginPage:306 - Waiting for element to be present in DOM 3 seconds element:: By.xpath: //div[@class="login-block"]/descendant::a[@id="registerPopupLink"]
2022-01-18 12:33:19 INFO  LoginPage:306 - Waiting for element to be present in DOM 4 seconds element:: By.xpath: //div[@class="login-block"]/descendant::a[@id="registerPopupLink"]
2022-01-18 12:33:20 INFO  LoginPage:306 - Waiting for element to be present in DOM 5 seconds element:: By.xpath: //div[@class="login-block"]/descendant::a[@id="registerPopupLink"]
2022-01-18 12:33:21 INFO  LoginPage:306 - Waiting for element to be present in DOM 6 seconds element:: By.xpath: //div[@class="login-block"]/descendant::a[@id="registerPopupLink"]
2022-01-18 12:33:23 INFO  LoginPage:306 - Waiting for element to be present in DOM 7 seconds element:: By.xpath: //div[@class="login-block"]/descendant::a[@id="registerPopupLink"]
2022-01-18 12:33:24 INFO  LoginPage:306 - Waiting for element to be present in DOM 8 seconds element:: By.xpath: //div[@class="login-block"]/descendant::a[@id="registerPopupLink"]
2022-01-18 12:33:25 INFO  LoginPage:306 - Waiting for element to be present in DOM 9 seconds element:: By.xpath: //div[@class="login-block"]/descendant::a[@id="registerPopupLink"]
2022-01-18 12:33:26 INFO  LoginPage:306 - Waiting for element to be present in DOM 10 seconds element:: By.xpath: //div[@class="login-block"]/descendant::a[@id="registerPopupLink"]
2022-01-18 12:33:27 INFO  LoginPage:306 - Waiting for element to be present in DOM 11 seconds element:: By.xpath: //div[@class="login-block"]/descendant::a[@id="registerPopupLink"]
2022-01-18 12:33:28 INFO  LoginPage:306 - Waiting for element to be present in DOM 12 seconds element:: By.xpath: //div[@class="login-block"]/descendant::a[@id="registerPopupLink"]
2022-01-18 12:33:29 INFO  LoginPage:306 - Waiting for element to be present in DOM 13 seconds element:: By.xpath: //div[@class="login-block"]/descendant::a[@id="registerPopupLink"]
2022-01-18 12:33:30 INFO  LoginPage:306 - Waiting for element to be present in DOM 14 seconds element:: By.xpath: //div[@class="login-block"]/descendant::a[@id="registerPopupLink"]
2022-01-18 12:33:31 INFO  LoginPage:306 - Waiting for element to be present in DOM 15 seconds element:: By.xpath: //div[@class="login-block"]/descendant::a[@id="registerPopupLink"]
2022-01-18 12:33:32 INFO  LoginPage:306 - Waiting for element to be present in DOM 16 seconds element:: By.xpath: //div[@class="login-block"]/descendant::a[@id="registerPopupLink"]
2022-01-18 12:33:33 INFO  LoginPage:306 - Waiting for element to be present in DOM 17 seconds element:: By.xpath: //div[@class="login-block"]/descendant::a[@id="registerPopupLink"]
2022-01-18 12:33:34 INFO  LoginPage:306 - Waiting for element to be present in DOM 18 seconds element:: By.xpath: //div[@class="login-block"]/descendant::a[@id="registerPopupLink"]
2022-01-18 12:33:35 INFO  LoginPage:306 - Waiting for element to be present in DOM 19 seconds element:: By.xpath: //div[@class="login-block"]/descendant::a[@id="registerPopupLink"]
2022-01-18 12:33:36 INFO  LoginPage:306 - Waiting for element to be present in DOM 20 seconds element:: By.xpath: //div[@class="login-block"]/descendant::a[@id="registerPopupLink"]
2022-01-18 12:33:37 INFO  LoginPage:306 - Waiting for element to be present in DOM 21 seconds element:: By.xpath: //div[@class="login-block"]/descendant::a[@id="registerPopupLink"]
